2026-04-19 11:10:07 | INFO     | root | Logging initialized. Log file: outputs/logs\train_20260419_111007.log
2026-04-19 11:10:07 | INFO     | root | Using CPU
2026-04-19 11:10:07 | INFO     | __main__ | Using device: cpu
2026-04-19 11:10:07 | INFO     | __main__ | Pipeline: Global features
2026-04-19 11:10:07 | INFO     | __main__ | 
============================================================
2026-04-19 11:10:07 | INFO     | __main__ | Processing category: bottle
2026-04-19 11:10:07 | INFO     | __main__ | ============================================================
2026-04-19 11:10:08 | INFO     | src.models.simclr | ResNet-50 encoder initialized with ImageNet pretrained weights
2026-04-19 11:10:08 | INFO     | src.models.simclr | Projection head: 2048 -> 512 -> 128
2026-04-19 11:10:08 | INFO     | src.models.simclr | SimCLR model initialized | backbone=resnet50 | multi-layer=['layer2', 'layer3', 'layer4'] -> 3584-dim | projection_dim=128
2026-04-19 11:10:08 | INFO     | src.models.simclr | Patch features: layers=['layer2', 'layer3'] -> 1536-dim per patch
2026-04-19 11:10:08 | INFO     | __main__ | Model parameters: 24.62M total, 24.62M trainable
2026-04-19 11:10:08 | INFO     | __main__ | Mode: Feature extraction only (ImageNet pretrained)
2026-04-19 11:10:08 | INFO     | __main__ | Pretrained model saved: outputs/checkpoints\bottle_best.pt
2026-04-19 11:10:08 | INFO     | __main__ | Pipeline: Global features (legacy)
2026-04-19 11:10:08 | INFO     | __main__ | Building global feature memory bank...
2026-04-19 11:10:08 | WARNING  | src.training.dataset | Skipping corrupt image: Data/mvtec_ad\bottle\train\good\011.png (broken PNG file (bad header checksum in b'IDAT'))
2026-04-19 11:10:09 | WARNING  | src.training.dataset | Skipped 1 corrupt image(s) in Data/mvtec_ad\bottle\train
2026-04-19 11:10:09 | INFO     | src.training.dataset | MVTecDataset: category=bottle, split=train, samples=208, normal=208, anomaly=0
2026-04-19 11:10:09 | INFO     | src.memory.memory_bank | Extracting features for memory bank...
2026-04-19 11:10:41 | INFO     | src.memory.memory_bank | Feature extraction: 208 samples, dim=3584, time=32.6s
2026-04-19 11:10:41 | INFO     | src.memory.memory_bank | Applying PCA: 3584 -> 200 dims
2026-04-19 11:10:42 | INFO     | src.memory.memory_bank | PCA explained variance: 100.0%
2026-04-19 11:10:42 | INFO     | src.memory.memory_bank | Memory bank built: 208 features, dim=200, total_time=32.8s
2026-04-19 11:10:42 | INFO     | src.memory.memory_bank | Memory bank saved to outputs/checkpoints\bottle_memory_bank.pt
2026-04-19 11:10:42 | INFO     | __main__ | Running global feature evaluation...
2026-04-19 11:10:42 | INFO     | src.memory.memory_bank | Anomaly scorer initialized: method=mahalanobis, k=5
2026-04-19 11:10:42 | INFO     | src.memory.memory_bank | Mahalanobis statistics computed via Cholesky decomposition (dim=200, reg=1e-05)
2026-04-19 11:10:42 | INFO     | src.memory.memory_bank | Scorer fitted with 208 reference features
2026-04-19 11:10:42 | INFO     | src.training.dataset | MVTecDataset: category=bottle, split=test, samples=83, normal=20, anomaly=63
2026-04-19 11:10:55 | INFO     | src.evaluation.evaluator | [bottle] AUROC: 0.9587 | AP: 0.9877 | F1: 0.9153 | Acc: 0.8795 | Precision: 0.9818 | Recall: 0.8571 | Threshold: 18.5235 (youden)
2026-04-19 11:10:56 | INFO     | src.evaluation.evaluator | ROC curve saved: outputs/results\bottle_roc_curve.png
2026-04-19 11:10:56 | INFO     | src.evaluation.evaluator | PR curve saved: outputs/results\bottle_pr_curve.png
2026-04-19 11:10:57 | INFO     | src.evaluation.evaluator | Metrics saved: outputs/results\bottle_metrics.json
2026-04-19 11:10:57 | INFO     | __main__ | 
  >>> Results: AUROC=0.9587 | F1=0.9153 | Precision=0.9818 | Recall=0.8571
2026-04-19 11:10:57 | INFO     | __main__ | Total pipeline time for bottle: 49.4s
2026-04-19 11:10:57 | INFO     | __main__ | 
==============================================================================
2026-04-19 11:10:57 | INFO     | __main__ | Category           AUROC       AP       F1     Prec   Recall
2026-04-19 11:10:57 | INFO     | __main__ | ------------------------------------------------------------------------------
2026-04-19 11:10:57 | INFO     | __main__ | bottle            0.9587   0.9877   0.9153   0.9818   0.8571
2026-04-19 11:10:57 | INFO     | __main__ | ------------------------------------------------------------------------------
2026-04-19 11:10:57 | INFO     | __main__ | MEAN...........   0.9587 +/- 0.0000
2026-04-19 11:10:57 | INFO     | __main__ | ==============================================================================
2026-04-19 11:10:57 | INFO     | __main__ | Summary saved: outputs/results\all_categories_summary.json
2026-04-19 11:10:57 | INFO     | __main__ | 
All processing complete!
